<?xml version="1.0" encoding="UTF-8"?>
<!-- Generated by org.testng.reporters.JUnitXMLReporter -->
<testsuite ignored="0" hostname="INLEN8520062304" failures="4" tests="4" name="Test" time="8.057" errors="0" timestamp="2023-06-08T13:34:58 IST">
  <testcase classname="api.test.UserTestsUsingProp" name="testCreateUser" time="2.834">
    <failure type="java.lang.AssertionError" message="expected [200] but found [404]">
      <![CDATA[java.lang.AssertionError: expected [200] but found [404]
at api.test.UserTestsUsingProp.testCreateUser(UserTestsUsingProp.java:42)
at java.base/java.util.ArrayList.forEach(ArrayList.java:1511)
... Removed 33 stack frames]]>
    </failure>
  </testcase> <!-- testCreateUser -->
  <testcase classname="api.test.UserTestsUsingProp" name="testGetUser" time="1.166">
    <failure type="java.lang.AssertionError" message="expected [200] but found [404]">
      <![CDATA[java.lang.AssertionError: expected [200] but found [404]
at api.test.UserTestsUsingProp.testGetUser(UserTestsUsingProp.java:51)
at java.base/java.util.ArrayList.forEach(ArrayList.java:1511)
... Removed 33 stack frames]]>
    </failure>
  </testcase> <!-- testGetUser -->
  <testcase classname="api.test.UserTestsUsingProp" name="testUpdate" time="2.283">
    <failure type="java.lang.AssertionError" message="expected [200] but found [404]">
      <![CDATA[java.lang.AssertionError: expected [200] but found [404]
at api.test.UserTestsUsingProp.testUpdate(UserTestsUsingProp.java:73)
at java.base/java.util.ArrayList.forEach(ArrayList.java:1511)
... Removed 33 stack frames]]>
    </failure>
  </testcase> <!-- testUpdate -->
  <testcase classname="api.test.UserTestsUsingProp" name="testDeleteUser" time="1.24">
    <failure type="java.lang.AssertionError" message="expected [200] but found [404]">
      <![CDATA[java.lang.AssertionError: expected [200] but found [404]
at api.test.UserTestsUsingProp.testDeleteUser(UserTestsUsingProp.java:81)
at java.base/java.util.ArrayList.forEach(ArrayList.java:1511)
... Removed 33 stack frames]]>
    </failure>
  </testcase> <!-- testDeleteUser -->
</testsuite> <!-- Test -->
