<?xml version="1.0" encoding="UTF-8"?>
<testng-results ignored="0" total="4" passed="4" failed="0" skipped="0">
  <reporter-output>
  </reporter-output>
  <suite started-at="2023-06-08T16:50:38 IST" name="Suite" finished-at="2023-06-08T16:50:47 IST" duration-ms="9382">
    <groups>
    </groups>
    <test started-at="2023-06-08T16:50:38 IST" name="Test" finished-at="2023-06-08T16:50:47 IST" duration-ms="9382">
      <class name="api.test.UserTests">
        <test-method is-config="true" signature="setupData()[pri:0, instance:api.test.UserTests@304bb45b]" started-at="2023-06-08T16:50:38 IST" name="setupData" finished-at="2023-06-08T16:50:38 IST" duration-ms="151" status="PASS">
          <reporter-output>
          </reporter-output>
        </test-method> <!-- setupData -->
        <test-method signature="testCreateUser()[pri:1, instance:api.test.UserTests@304bb45b]" started-at="2023-06-08T16:50:38 IST" name="testCreateUser" finished-at="2023-06-08T16:50:41 IST" duration-ms="2895" status="PASS">
          <reporter-output>
          </reporter-output>
        </test-method> <!-- testCreateUser -->
        <test-method signature="testGetUser()[pri:2, instance:api.test.UserTests@304bb45b]" started-at="2023-06-08T16:50:41 IST" name="testGetUser" finished-at="2023-06-08T16:50:42 IST" duration-ms="1437" status="PASS">
          <reporter-output>
          </reporter-output>
        </test-method> <!-- testGetUser -->
        <test-method signature="testUpdate()[pri:3, instance:api.test.UserTests@304bb45b]" started-at="2023-06-08T16:50:42 IST" name="testUpdate" finished-at="2023-06-08T16:50:45 IST" duration-ms="2968" status="PASS">
          <reporter-output>
          </reporter-output>
        </test-method> <!-- testUpdate -->
        <test-method signature="testDeleteUser()[pri:4, instance:api.test.UserTests@304bb45b]" started-at="2023-06-08T16:50:45 IST" name="testDeleteUser" finished-at="2023-06-08T16:50:47 IST" duration-ms="1734" status="PASS">
          <reporter-output>
          </reporter-output>
        </test-method> <!-- testDeleteUser -->
      </class> <!-- api.test.UserTests -->
    </test> <!-- Test -->
  </suite> <!-- Suite -->
</testng-results>
